
> bittribe@0.1.0 start /home/ops/Libra-Browser
> PORT=10081 react-scripts start

Starting the development server...

Compiled with warnings.

./src/router/routerView.js
  Line 14:  Expected to return a value at the end of arrow function  array-callback-return

./src/component/header.js
  Line 15:  'priceList' is assigned a value but never used                                                             no-unused-vars
  Line 17:  Expected '===' and instead saw '=='                                                                        eqeqeq
  Line 20:  img elements must have an alt prop, either with meaningful text, or an empty string for decorative images  jsx-a11y/alt-text

./src/view/app.js
  Line 22:   Expected '===' and instead saw '=='                                                                        eqeqeq
  Line 25:   Expected '===' and instead saw '=='                                                                        eqeqeq
  Line 35:   Expected '===' and instead saw '=='                                                                        eqeqeq
  Line 38:   Expected '===' and instead saw '=='                                                                        eqeqeq
  Line 38:   img elements must have an alt prop, either with meaningful text, or an empty string for decorative images  jsx-a11y/alt-text
  Line 38:  img elements must have an alt prop, either with meaningful text, or an empty string for decorative images  jsx-a11y/alt-text
  Line 45:   Expected '===' and instead saw '=='                                                                        eqeqeq
  Line 45:   img elements must have an alt prop, either with meaningful text, or an empty string for decorative images  jsx-a11y/alt-text
  Line 45:  img elements must have an alt prop, either with meaningful text, or an empty string for decorative images  jsx-a11y/alt-text
  Line 48:   Expected '===' and instead saw '=='                                                                        eqeqeq
  Line 48:   img elements must have an alt prop, either with meaningful text, or an empty string for decorative images  jsx-a11y/alt-text
  Line 48:  img elements must have an alt prop, either with meaningful text, or an empty string for decorative images  jsx-a11y/alt-text
  Line 51:   Expected '===' and instead saw '=='                                                                        eqeqeq
  Line 51:   img elements must have an alt prop, either with meaningful text, or an empty string for decorative images  jsx-a11y/alt-text
  Line 51:  img elements must have an alt prop, either with meaningful text, or an empty string for decorative images  jsx-a11y/alt-text

./src/component/footer.js
  Line 25:  img elements must have an alt prop, either with meaningful text, or an empty string for decorative images  jsx-a11y/alt-text
  Line 26:  img elements must have an alt prop, either with meaningful text, or an empty string for decorative images  jsx-a11y/alt-text
  Line 27:  img elements must have an alt prop, either with meaningful text, or an empty string for decorative images  jsx-a11y/alt-text
  Line 28:  img elements must have an alt prop, either with meaningful text, or an empty string for decorative images  jsx-a11y/alt-text
  Line 34:  img elements must have an alt prop, either with meaningful text, or an empty string for decorative images  jsx-a11y/alt-text
  Line 35:  img elements must have an alt prop, either with meaningful text, or an empty string for decorative images  jsx-a11y/alt-text

./src/router/routerConfig.js
  Line 2:  'Route' is defined but never used     no-unused-vars
  Line 2:  'Redirect' is defined but never used  no-unused-vars

./src/utils/iptVal.js
  Line 2:    'url' is assigned a value but never used  no-unused-vars
  Line 12:  Expected '===' and instead saw '=='       eqeqeq

./src/view/testNet/testNet.js
  Line 38:  img elements must have an alt prop, either with meaningful text, or an empty string for decorative images  jsx-a11y/alt-text

./src/view/mainNet/blockHeight.js
  Line 43:   Expected '===' and instead saw '=='                                                                        eqeqeq
  Line 44:   Expected '===' and instead saw '=='                                                                        eqeqeq
  Line 51:   Expected '===' and instead saw '=='                                                                        eqeqeq
  Line 88:   'total' is assigned a value but never used                                                                 no-unused-vars
  Line 100:  img elements must have an alt prop, either with meaningful text, or an empty string for decorative images  jsx-a11y/alt-text
  Line 107:  img elements must have an alt prop, either with meaningful text, or an empty string for decorative images  jsx-a11y/alt-text
  Line 108:  img elements must have an alt prop, either with meaningful text, or an empty string for decorative images  jsx-a11y/alt-text
  Line 143:  Expected '===' and instead saw '=='                                                                        eqeqeq
  Line 152:  Expected '===' and instead saw '=='                                                                        eqeqeq

./src/view/testNet/pieceHash1.js
  Line 44:  img elements must have an alt prop, either with meaningful text, or an empty string for decorative images  jsx-a11y/alt-text
  Line 50:  img elements must have an alt prop, either with meaningful text, or an empty string for decorative images  jsx-a11y/alt-text
  Line 51:  img elements must have an alt prop, either with meaningful text, or an empty string for decorative images  jsx-a11y/alt-text
  Line 88:  Expected '===' and instead saw '=='                                                                        eqeqeq
  Line 98:  Expected '===' and instead saw '=='                                                                        eqeqeq

./src/view/testNet/blockHeight1.js
  Line 48:   Expected '===' and instead saw '=='                                                                        eqeqeq
  Line 49:   Expected '===' and instead saw '=='                                                                        eqeqeq
  Line 56:   Expected '===' and instead saw '=='                                                                        eqeqeq
  Line 93:   'total' is assigned a value but never used                                                                 no-unused-vars
  Line 105:  img elements must have an alt prop, either with meaningful text, or an empty string for decorative images  jsx-a11y/alt-text
  Line 112:  img elements must have an alt prop, either with meaningful text, or an empty string for decorative images  jsx-a11y/alt-text
  Line 113:  img elements must have an alt prop, either with meaningful text, or an empty string for decorative images  jsx-a11y/alt-text
  Line 148:  Expected '===' and instead saw '=='                                                                        eqeqeq
  Line 157:  Expected '===' and instead saw '=='                                                                        eqeqeq

./src/view/testNet/address1.js
  Line 55:  img elements must have an alt prop, either with meaningful text, or an empty string for decorative images  jsx-a11y/alt-text
  Line 89:  Expected '===' and instead saw '=='                                                                        eqeqeq
  Line 98:  Expected '===' and instead saw '=='                                                                        eqeqeq

./src/view/testNet/deal1.js
  Line 59:   img elements must have an alt prop, either with meaningful text, or an empty string for decorative images  jsx-a11y/alt-text
  Line 98:   Expected '===' and instead saw '=='                                                                        eqeqeq
  Line 101:  Expected '===' and instead saw '=='                                                                        eqeqeq
  Line 101:  Expected '===' and instead saw '=='                                                                        eqeqeq
  Line 112:  Expected '===' and instead saw '=='                                                                        eqeqeq
  Line 112:  Expected '===' and instead saw '=='                                                                        eqeqeq

./src/view/mainNet/pieceHash.js
  Line 68:   img elements must have an alt prop, either with meaningful text, or an empty string for decorative images  jsx-a11y/alt-text
  Line 74:   img elements must have an alt prop, either with meaningful text, or an empty string for decorative images  jsx-a11y/alt-text
  Line 75:   img elements must have an alt prop, either with meaningful text, or an empty string for decorative images  jsx-a11y/alt-text
  Line 112:  Expected '===' and instead saw '=='                                                                        eqeqeq
  Line 122:  Expected '===' and instead saw '=='                                                                        eqeqeq

./src/view/mainNet/mainNet.js
  Line 6:    'timeStamp2String' is defined but never used                                                               no-unused-vars
  Line 49:  img elements must have an alt prop, either with meaningful text, or an empty string for decorative images  jsx-a11y/alt-text

./src/view/mainNet/address.js
  Line 6:    'timeStamp2String' is defined but never used                                                               no-unused-vars
  Line 57:  img elements must have an alt prop, either with meaningful text, or an empty string for decorative images  jsx-a11y/alt-text

./src/view/mainNet/deal.js
  Line 6:    'timeStamp2String' is defined but never used                                                               no-unused-vars
  Line 59:  img elements must have an alt prop, either with meaningful text, or an empty string for decorative images  jsx-a11y/alt-text

Search for the keywords to learn more about each warning.
To ignore, add // eslint-disable-next-line to the line before.

Compiling...
Compiled with warnings.

./src/router/routerView.js
  Line 14:  Expected to return a value at the end of arrow function  array-callback-return

./src/component/header.js
  Line 15:  'priceList' is assigned a value but never used                                                             no-unused-vars
  Line 17:  Expected '===' and instead saw '=='                                                                        eqeqeq
  Line 20:  img elements must have an alt prop, either with meaningful text, or an empty string for decorative images  jsx-a11y/alt-text

./src/view/app.js
  Line 22:   Expected '===' and instead saw '=='                                                                        eqeqeq
  Line 25:   Expected '===' and instead saw '=='                                                                        eqeqeq
  Line 35:   Expected '===' and instead saw '=='                                                                        eqeqeq
  Line 38:   Expected '===' and instead saw '=='                                                                        eqeqeq
  Line 38:   img elements must have an alt prop, either with meaningful text, or an empty string for decorative images  jsx-a11y/alt-text
  Line 38:  img elements must have an alt prop, either with meaningful text, or an empty string for decorative images  jsx-a11y/alt-text
  Line 45:   Expected '===' and instead saw '=='                                                                        eqeqeq
  Line 45:   img elements must have an alt prop, either with meaningful text, or an empty string for decorative images  jsx-a11y/alt-text
  Line 45:  img elements must have an alt prop, either with meaningful text, or an empty string for decorative images  jsx-a11y/alt-text
  Line 48:   Expected '===' and instead saw '=='                                                                        eqeqeq
  Line 48:   img elements must have an alt prop, either with meaningful text, or an empty string for decorative images  jsx-a11y/alt-text
  Line 48:  img elements must have an alt prop, either with meaningful text, or an empty string for decorative images  jsx-a11y/alt-text
  Line 51:   Expected '===' and instead saw '=='                                                                        eqeqeq
  Line 51:   img elements must have an alt prop, either with meaningful text, or an empty string for decorative images  jsx-a11y/alt-text
  Line 51:  img elements must have an alt prop, either with meaningful text, or an empty string for decorative images  jsx-a11y/alt-text

./src/component/footer.js
  Line 25:  img elements must have an alt prop, either with meaningful text, or an empty string for decorative images  jsx-a11y/alt-text
  Line 26:  img elements must have an alt prop, either with meaningful text, or an empty string for decorative images  jsx-a11y/alt-text
  Line 27:  img elements must have an alt prop, either with meaningful text, or an empty string for decorative images  jsx-a11y/alt-text
  Line 28:  img elements must have an alt prop, either with meaningful text, or an empty string for decorative images  jsx-a11y/alt-text
  Line 34:  img elements must have an alt prop, either with meaningful text, or an empty string for decorative images  jsx-a11y/alt-text
  Line 35:  img elements must have an alt prop, either with meaningful text, or an empty string for decorative images  jsx-a11y/alt-text

./src/router/routerConfig.js
  Line 2:  'Route' is defined but never used     no-unused-vars
  Line 2:  'Redirect' is defined but never used  no-unused-vars

./src/utils/iptVal.js
  Line 2:    'url' is assigned a value but never used  no-unused-vars
  Line 12:  Expected '===' and instead saw '=='       eqeqeq

./src/view/testNet/testNet.js
  Line 38:  img elements must have an alt prop, either with meaningful text, or an empty string for decorative images  jsx-a11y/alt-text

./src/view/mainNet/blockHeight.js
  Line 43:   Expected '===' and instead saw '=='                                                                        eqeqeq
  Line 44:   Expected '===' and instead saw '=='                                                                        eqeqeq
  Line 51:   Expected '===' and instead saw '=='                                                                        eqeqeq
  Line 88:   'total' is assigned a value but never used                                                                 no-unused-vars
  Line 100:  img elements must have an alt prop, either with meaningful text, or an empty string for decorative images  jsx-a11y/alt-text
  Line 107:  img elements must have an alt prop, either with meaningful text, or an empty string for decorative images  jsx-a11y/alt-text
  Line 108:  img elements must have an alt prop, either with meaningful text, or an empty string for decorative images  jsx-a11y/alt-text
  Line 143:  Expected '===' and instead saw '=='                                                                        eqeqeq
  Line 152:  Expected '===' and instead saw '=='                                                                        eqeqeq

./src/view/testNet/pieceHash1.js
  Line 44:  img elements must have an alt prop, either with meaningful text, or an empty string for decorative images  jsx-a11y/alt-text
  Line 50:  img elements must have an alt prop, either with meaningful text, or an empty string for decorative images  jsx-a11y/alt-text
  Line 51:  img elements must have an alt prop, either with meaningful text, or an empty string for decorative images  jsx-a11y/alt-text
  Line 88:  Expected '===' and instead saw '=='                                                                        eqeqeq
  Line 98:  Expected '===' and instead saw '=='                                                                        eqeqeq

./src/view/testNet/blockHeight1.js
  Line 48:   Expected '===' and instead saw '=='                                                                        eqeqeq
  Line 49:   Expected '===' and instead saw '=='                                                                        eqeqeq
  Line 56:   Expected '===' and instead saw '=='                                                                        eqeqeq
  Line 93:   'total' is assigned a value but never used                                                                 no-unused-vars
  Line 105:  img elements must have an alt prop, either with meaningful text, or an empty string for decorative images  jsx-a11y/alt-text
  Line 112:  img elements must have an alt prop, either with meaningful text, or an empty string for decorative images  jsx-a11y/alt-text
  Line 113:  img elements must have an alt prop, either with meaningful text, or an empty string for decorative images  jsx-a11y/alt-text
  Line 148:  Expected '===' and instead saw '=='                                                                        eqeqeq
  Line 157:  Expected '===' and instead saw '=='                                                                        eqeqeq

./src/view/testNet/address1.js
  Line 55:  img elements must have an alt prop, either with meaningful text, or an empty string for decorative images  jsx-a11y/alt-text
  Line 89:  Expected '===' and instead saw '=='                                                                        eqeqeq
  Line 98:  Expected '===' and instead saw '=='                                                                        eqeqeq

./src/view/testNet/deal1.js
  Line 59:   img elements must have an alt prop, either with meaningful text, or an empty string for decorative images  jsx-a11y/alt-text
  Line 98:   Expected '===' and instead saw '=='                                                                        eqeqeq
  Line 101:  Expected '===' and instead saw '=='                                                                        eqeqeq
  Line 101:  Expected '===' and instead saw '=='                                                                        eqeqeq
  Line 112:  Expected '===' and instead saw '=='                                                                        eqeqeq
  Line 112:  Expected '===' and instead saw '=='                                                                        eqeqeq

./src/view/mainNet/pieceHash.js
  Line 68:   img elements must have an alt prop, either with meaningful text, or an empty string for decorative images  jsx-a11y/alt-text
  Line 74:   img elements must have an alt prop, either with meaningful text, or an empty string for decorative images  jsx-a11y/alt-text
  Line 75:   img elements must have an alt prop, either with meaningful text, or an empty string for decorative images  jsx-a11y/alt-text
  Line 112:  Expected '===' and instead saw '=='                                                                        eqeqeq
  Line 122:  Expected '===' and instead saw '=='                                                                        eqeqeq

./src/view/mainNet/mainNet.js
  Line 6:    'timeStamp2String' is defined but never used                                                               no-unused-vars
  Line 49:  img elements must have an alt prop, either with meaningful text, or an empty string for decorative images  jsx-a11y/alt-text

./src/view/mainNet/address.js
  Line 6:    'timeStamp2String' is defined but never used                                                               no-unused-vars
  Line 57:  img elements must have an alt prop, either with meaningful text, or an empty string for decorative images  jsx-a11y/alt-text

./src/view/mainNet/deal.js
  Line 6:    'timeStamp2String' is defined but never used                                                               no-unused-vars
  Line 59:  img elements must have an alt prop, either with meaningful text, or an empty string for decorative images  jsx-a11y/alt-text

Search for the keywords to learn more about each warning.
To ignore, add // eslint-disable-next-line to the line before.

Compiling...
Compiled with warnings.

./src/router/routerView.js
  Line 14:  Expected to return a value at the end of arrow function  array-callback-return

./src/component/header.js
  Line 15:  'priceList' is assigned a value but never used                                                             no-unused-vars
  Line 17:  Expected '===' and instead saw '=='                                                                        eqeqeq
  Line 20:  img elements must have an alt prop, either with meaningful text, or an empty string for decorative images  jsx-a11y/alt-text

./src/view/app.js
  Line 22:   Expected '===' and instead saw '=='                                                                        eqeqeq
  Line 25:   Expected '===' and instead saw '=='                                                                        eqeqeq
  Line 35:   Expected '===' and instead saw '=='                                                                        eqeqeq
  Line 38:   Expected '===' and instead saw '=='                                                                        eqeqeq
  Line 38:   img elements must have an alt prop, either with meaningful text, or an empty string for decorative images  jsx-a11y/alt-text
  Line 38:  img elements must have an alt prop, either with meaningful text, or an empty string for decorative images  jsx-a11y/alt-text
  Line 45:   Expected '===' and instead saw '=='                                                                        eqeqeq
  Line 45:   img elements must have an alt prop, either with meaningful text, or an empty string for decorative images  jsx-a11y/alt-text
  Line 45:  img elements must have an alt prop, either with meaningful text, or an empty string for decorative images  jsx-a11y/alt-text
  Line 48:   Expected '===' and instead saw '=='                                                                        eqeqeq
  Line 48:   img elements must have an alt prop, either with meaningful text, or an empty string for decorative images  jsx-a11y/alt-text
  Line 48:  img elements must have an alt prop, either with meaningful text, or an empty string for decorative images  jsx-a11y/alt-text
  Line 51:   Expected '===' and instead saw '=='                                                                        eqeqeq
  Line 51:   img elements must have an alt prop, either with meaningful text, or an empty string for decorative images  jsx-a11y/alt-text
  Line 51:  img elements must have an alt prop, either with meaningful text, or an empty string for decorative images  jsx-a11y/alt-text

./src/component/footer.js
  Line 25:  img elements must have an alt prop, either with meaningful text, or an empty string for decorative images  jsx-a11y/alt-text
  Line 26:  img elements must have an alt prop, either with meaningful text, or an empty string for decorative images  jsx-a11y/alt-text
  Line 27:  img elements must have an alt prop, either with meaningful text, or an empty string for decorative images  jsx-a11y/alt-text
  Line 28:  img elements must have an alt prop, either with meaningful text, or an empty string for decorative images  jsx-a11y/alt-text
  Line 34:  img elements must have an alt prop, either with meaningful text, or an empty string for decorative images  jsx-a11y/alt-text
  Line 35:  img elements must have an alt prop, either with meaningful text, or an empty string for decorative images  jsx-a11y/alt-text

./src/router/routerConfig.js
  Line 2:  'Route' is defined but never used     no-unused-vars
  Line 2:  'Redirect' is defined but never used  no-unused-vars

./src/utils/iptVal.js
  Line 2:    'url' is assigned a value but never used  no-unused-vars
  Line 12:  Expected '===' and instead saw '=='       eqeqeq

./src/view/testNet/testNet.js
  Line 38:  img elements must have an alt prop, either with meaningful text, or an empty string for decorative images  jsx-a11y/alt-text

./src/view/mainNet/blockHeight.js
  Line 43:   Expected '===' and instead saw '=='                                                                        eqeqeq
  Line 44:   Expected '===' and instead saw '=='                                                                        eqeqeq
  Line 51:   Expected '===' and instead saw '=='                                                                        eqeqeq
  Line 88:   'total' is assigned a value but never used                                                                 no-unused-vars
  Line 100:  img elements must have an alt prop, either with meaningful text, or an empty string for decorative images  jsx-a11y/alt-text
  Line 107:  img elements must have an alt prop, either with meaningful text, or an empty string for decorative images  jsx-a11y/alt-text
  Line 108:  img elements must have an alt prop, either with meaningful text, or an empty string for decorative images  jsx-a11y/alt-text
  Line 143:  Expected '===' and instead saw '=='                                                                        eqeqeq
  Line 152:  Expected '===' and instead saw '=='                                                                        eqeqeq

./src/view/testNet/pieceHash1.js
  Line 44:  img elements must have an alt prop, either with meaningful text, or an empty string for decorative images  jsx-a11y/alt-text
  Line 50:  img elements must have an alt prop, either with meaningful text, or an empty string for decorative images  jsx-a11y/alt-text
  Line 51:  img elements must have an alt prop, either with meaningful text, or an empty string for decorative images  jsx-a11y/alt-text
  Line 88:  Expected '===' and instead saw '=='                                                                        eqeqeq
  Line 98:  Expected '===' and instead saw '=='                                                                        eqeqeq

./src/view/testNet/blockHeight1.js
  Line 48:   Expected '===' and instead saw '=='                                                                        eqeqeq
  Line 49:   Expected '===' and instead saw '=='                                                                        eqeqeq
  Line 56:   Expected '===' and instead saw '=='                                                                        eqeqeq
  Line 93:   'total' is assigned a value but never used                                                                 no-unused-vars
  Line 105:  img elements must have an alt prop, either with meaningful text, or an empty string for decorative images  jsx-a11y/alt-text
  Line 112:  img elements must have an alt prop, either with meaningful text, or an empty string for decorative images  jsx-a11y/alt-text
  Line 113:  img elements must have an alt prop, either with meaningful text, or an empty string for decorative images  jsx-a11y/alt-text
  Line 148:  Expected '===' and instead saw '=='                                                                        eqeqeq
  Line 157:  Expected '===' and instead saw '=='                                                                        eqeqeq

./src/view/testNet/address1.js
  Line 55:  img elements must have an alt prop, either with meaningful text, or an empty string for decorative images  jsx-a11y/alt-text
  Line 89:  Expected '===' and instead saw '=='                                                                        eqeqeq
  Line 98:  Expected '===' and instead saw '=='                                                                        eqeqeq

./src/view/testNet/deal1.js
  Line 59:   img elements must have an alt prop, either with meaningful text, or an empty string for decorative images  jsx-a11y/alt-text
  Line 98:   Expected '===' and instead saw '=='                                                                        eqeqeq
  Line 101:  Expected '===' and instead saw '=='                                                                        eqeqeq
  Line 101:  Expected '===' and instead saw '=='                                                                        eqeqeq
  Line 112:  Expected '===' and instead saw '=='                                                                        eqeqeq
  Line 112:  Expected '===' and instead saw '=='                                                                        eqeqeq

./src/view/mainNet/pieceHash.js
  Line 68:   img elements must have an alt prop, either with meaningful text, or an empty string for decorative images  jsx-a11y/alt-text
  Line 74:   img elements must have an alt prop, either with meaningful text, or an empty string for decorative images  jsx-a11y/alt-text
  Line 75:   img elements must have an alt prop, either with meaningful text, or an empty string for decorative images  jsx-a11y/alt-text
  Line 112:  Expected '===' and instead saw '=='                                                                        eqeqeq
  Line 122:  Expected '===' and instead saw '=='                                                                        eqeqeq

./src/view/mainNet/mainNet.js
  Line 6:    'timeStamp2String' is defined but never used                                                               no-unused-vars
  Line 49:  img elements must have an alt prop, either with meaningful text, or an empty string for decorative images  jsx-a11y/alt-text

./src/view/mainNet/address.js
  Line 6:    'timeStamp2String' is defined but never used                                                               no-unused-vars
  Line 57:  img elements must have an alt prop, either with meaningful text, or an empty string for decorative images  jsx-a11y/alt-text

./src/view/mainNet/deal.js
  Line 6:    'timeStamp2String' is defined but never used                                                               no-unused-vars
  Line 59:  img elements must have an alt prop, either with meaningful text, or an empty string for decorative images  jsx-a11y/alt-text

Search for the keywords to learn more about each warning.
To ignore, add // eslint-disable-next-line to the line before.

Compiling...
Compiled with warnings.

./src/router/routerView.js
  Line 14:  Expected to return a value at the end of arrow function  array-callback-return

./src/component/header.js
  Line 15:  'priceList' is assigned a value but never used                                                             no-unused-vars
  Line 17:  Expected '===' and instead saw '=='                                                                        eqeqeq
  Line 20:  img elements must have an alt prop, either with meaningful text, or an empty string for decorative images  jsx-a11y/alt-text

./src/view/app.js
  Line 22:   Expected '===' and instead saw '=='                                                                        eqeqeq
  Line 25:   Expected '===' and instead saw '=='                                                                        eqeqeq
  Line 35:   Expected '===' and instead saw '=='                                                                        eqeqeq
  Line 38:   Expected '===' and instead saw '=='                                                                        eqeqeq
  Line 38:   img elements must have an alt prop, either with meaningful text, or an empty string for decorative images  jsx-a11y/alt-text
  Line 38:  img elements must have an alt prop, either with meaningful text, or an empty string for decorative images  jsx-a11y/alt-text
  Line 45:   Expected '===' and instead saw '=='                                                                        eqeqeq
  Line 45:   img elements must have an alt prop, either with meaningful text, or an empty string for decorative images  jsx-a11y/alt-text
  Line 45:  img elements must have an alt prop, either with meaningful text, or an empty string for decorative images  jsx-a11y/alt-text
  Line 48:   Expected '===' and instead saw '=='                                                                        eqeqeq
  Line 48:   img elements must have an alt prop, either with meaningful text, or an empty string for decorative images  jsx-a11y/alt-text
  Line 48:  img elements must have an alt prop, either with meaningful text, or an empty string for decorative images  jsx-a11y/alt-text
  Line 51:   Expected '===' and instead saw '=='                                                                        eqeqeq
  Line 51:   img elements must have an alt prop, either with meaningful text, or an empty string for decorative images  jsx-a11y/alt-text
  Line 51:  img elements must have an alt prop, either with meaningful text, or an empty string for decorative images  jsx-a11y/alt-text

./src/component/footer.js
  Line 25:  img elements must have an alt prop, either with meaningful text, or an empty string for decorative images  jsx-a11y/alt-text
  Line 26:  img elements must have an alt prop, either with meaningful text, or an empty string for decorative images  jsx-a11y/alt-text
  Line 27:  img elements must have an alt prop, either with meaningful text, or an empty string for decorative images  jsx-a11y/alt-text
  Line 28:  img elements must have an alt prop, either with meaningful text, or an empty string for decorative images  jsx-a11y/alt-text
  Line 34:  img elements must have an alt prop, either with meaningful text, or an empty string for decorative images  jsx-a11y/alt-text
  Line 35:  img elements must have an alt prop, either with meaningful text, or an empty string for decorative images  jsx-a11y/alt-text

./src/router/routerConfig.js
  Line 2:  'Route' is defined but never used     no-unused-vars
  Line 2:  'Redirect' is defined but never used  no-unused-vars

./src/utils/iptVal.js
  Line 2:    'url' is assigned a value but never used  no-unused-vars
  Line 12:  Expected '===' and instead saw '=='       eqeqeq

./src/view/testNet/testNet.js
  Line 38:  img elements must have an alt prop, either with meaningful text, or an empty string for decorative images  jsx-a11y/alt-text

./src/view/mainNet/blockHeight.js
  Line 43:   Expected '===' and instead saw '=='                                                                        eqeqeq
  Line 44:   Expected '===' and instead saw '=='                                                                        eqeqeq
  Line 51:   Expected '===' and instead saw '=='                                                                        eqeqeq
  Line 88:   'total' is assigned a value but never used                                                                 no-unused-vars
  Line 100:  img elements must have an alt prop, either with meaningful text, or an empty string for decorative images  jsx-a11y/alt-text
  Line 107:  img elements must have an alt prop, either with meaningful text, or an empty string for decorative images  jsx-a11y/alt-text
  Line 108:  img elements must have an alt prop, either with meaningful text, or an empty string for decorative images  jsx-a11y/alt-text
  Line 143:  Expected '===' and instead saw '=='                                                                        eqeqeq
  Line 152:  Expected '===' and instead saw '=='                                                                        eqeqeq

./src/view/testNet/pieceHash1.js
  Line 44:  img elements must have an alt prop, either with meaningful text, or an empty string for decorative images  jsx-a11y/alt-text
  Line 50:  img elements must have an alt prop, either with meaningful text, or an empty string for decorative images  jsx-a11y/alt-text
  Line 51:  img elements must have an alt prop, either with meaningful text, or an empty string for decorative images  jsx-a11y/alt-text
  Line 88:  Expected '===' and instead saw '=='                                                                        eqeqeq
  Line 98:  Expected '===' and instead saw '=='                                                                        eqeqeq

./src/view/testNet/blockHeight1.js
  Line 48:   Expected '===' and instead saw '=='                                                                        eqeqeq
  Line 49:   Expected '===' and instead saw '=='                                                                        eqeqeq
  Line 56:   Expected '===' and instead saw '=='                                                                        eqeqeq
  Line 93:   'total' is assigned a value but never used                                                                 no-unused-vars
  Line 105:  img elements must have an alt prop, either with meaningful text, or an empty string for decorative images  jsx-a11y/alt-text
  Line 112:  img elements must have an alt prop, either with meaningful text, or an empty string for decorative images  jsx-a11y/alt-text
  Line 113:  img elements must have an alt prop, either with meaningful text, or an empty string for decorative images  jsx-a11y/alt-text
  Line 148:  Expected '===' and instead saw '=='                                                                        eqeqeq
  Line 157:  Expected '===' and instead saw '=='                                                                        eqeqeq

./src/view/testNet/address1.js
  Line 55:  img elements must have an alt prop, either with meaningful text, or an empty string for decorative images  jsx-a11y/alt-text
  Line 89:  Expected '===' and instead saw '=='                                                                        eqeqeq
  Line 98:  Expected '===' and instead saw '=='                                                                        eqeqeq

./src/view/testNet/deal1.js
  Line 59:   img elements must have an alt prop, either with meaningful text, or an empty string for decorative images  jsx-a11y/alt-text
  Line 98:   Expected '===' and instead saw '=='                                                                        eqeqeq
  Line 101:  Expected '===' and instead saw '=='                                                                        eqeqeq
  Line 101:  Expected '===' and instead saw '=='                                                                        eqeqeq
  Line 112:  Expected '===' and instead saw '=='                                                                        eqeqeq
  Line 112:  Expected '===' and instead saw '=='                                                                        eqeqeq

./src/view/mainNet/pieceHash.js
  Line 68:   img elements must have an alt prop, either with meaningful text, or an empty string for decorative images  jsx-a11y/alt-text
  Line 74:   img elements must have an alt prop, either with meaningful text, or an empty string for decorative images  jsx-a11y/alt-text
  Line 75:   img elements must have an alt prop, either with meaningful text, or an empty string for decorative images  jsx-a11y/alt-text
  Line 112:  Expected '===' and instead saw '=='                                                                        eqeqeq
  Line 122:  Expected '===' and instead saw '=='                                                                        eqeqeq

./src/view/mainNet/mainNet.js
  Line 6:    'timeStamp2String' is defined but never used                                                               no-unused-vars
  Line 49:  img elements must have an alt prop, either with meaningful text, or an empty string for decorative images  jsx-a11y/alt-text

./src/view/mainNet/address.js
  Line 6:    'timeStamp2String' is defined but never used                                                               no-unused-vars
  Line 57:  img elements must have an alt prop, either with meaningful text, or an empty string for decorative images  jsx-a11y/alt-text

./src/view/mainNet/deal.js
  Line 6:    'timeStamp2String' is defined but never used                                                               no-unused-vars
  Line 59:  img elements must have an alt prop, either with meaningful text, or an empty string for decorative images  jsx-a11y/alt-text

Search for the keywords to learn more about each warning.
To ignore, add // eslint-disable-next-line to the line before.

Compiling...
Compiled with warnings.

./src/router/routerView.js
  Line 14:  Expected to return a value at the end of arrow function  array-callback-return

./src/component/header.js
  Line 15:  'priceList' is assigned a value but never used                                                             no-unused-vars
  Line 17:  Expected '===' and instead saw '=='                                                                        eqeqeq
  Line 20:  img elements must have an alt prop, either with meaningful text, or an empty string for decorative images  jsx-a11y/alt-text

./src/view/app.js
  Line 22:   Expected '===' and instead saw '=='                                                                        eqeqeq
  Line 25:   Expected '===' and instead saw '=='                                                                        eqeqeq
  Line 35:   Expected '===' and instead saw '=='                                                                        eqeqeq
  Line 38:   Expected '===' and instead saw '=='                                                                        eqeqeq
  Line 38:   img elements must have an alt prop, either with meaningful text, or an empty string for decorative images  jsx-a11y/alt-text
  Line 38:  img elements must have an alt prop, either with meaningful text, or an empty string for decorative images  jsx-a11y/alt-text
  Line 45:   Expected '===' and instead saw '=='                                                                        eqeqeq
  Line 45:   img elements must have an alt prop, either with meaningful text, or an empty string for decorative images  jsx-a11y/alt-text
  Line 45:  img elements must have an alt prop, either with meaningful text, or an empty string for decorative images  jsx-a11y/alt-text
  Line 48:   Expected '===' and instead saw '=='                                                                        eqeqeq
  Line 48:   img elements must have an alt prop, either with meaningful text, or an empty string for decorative images  jsx-a11y/alt-text
  Line 48:  img elements must have an alt prop, either with meaningful text, or an empty string for decorative images  jsx-a11y/alt-text
  Line 51:   Expected '===' and instead saw '=='                                                                        eqeqeq
  Line 51:   img elements must have an alt prop, either with meaningful text, or an empty string for decorative images  jsx-a11y/alt-text
  Line 51:  img elements must have an alt prop, either with meaningful text, or an empty string for decorative images  jsx-a11y/alt-text

./src/component/footer.js
  Line 25:  img elements must have an alt prop, either with meaningful text, or an empty string for decorative images  jsx-a11y/alt-text
  Line 26:  img elements must have an alt prop, either with meaningful text, or an empty string for decorative images  jsx-a11y/alt-text
  Line 27:  img elements must have an alt prop, either with meaningful text, or an empty string for decorative images  jsx-a11y/alt-text
  Line 28:  img elements must have an alt prop, either with meaningful text, or an empty string for decorative images  jsx-a11y/alt-text
  Line 34:  img elements must have an alt prop, either with meaningful text, or an empty string for decorative images  jsx-a11y/alt-text
  Line 35:  img elements must have an alt prop, either with meaningful text, or an empty string for decorative images  jsx-a11y/alt-text

./src/router/routerConfig.js
  Line 2:  'Route' is defined but never used     no-unused-vars
  Line 2:  'Redirect' is defined but never used  no-unused-vars

./src/utils/iptVal.js
  Line 2:    'url' is assigned a value but never used  no-unused-vars
  Line 12:  Expected '===' and instead saw '=='       eqeqeq

./src/view/testNet/testNet.js
  Line 38:  img elements must have an alt prop, either with meaningful text, or an empty string for decorative images  jsx-a11y/alt-text

./src/view/mainNet/blockHeight.js
  Line 43:   Expected '===' and instead saw '=='                                                                        eqeqeq
  Line 44:   Expected '===' and instead saw '=='                                                                        eqeqeq
  Line 51:   Expected '===' and instead saw '=='                                                                        eqeqeq
  Line 88:   'total' is assigned a value but never used                                                                 no-unused-vars
  Line 100:  img elements must have an alt prop, either with meaningful text, or an empty string for decorative images  jsx-a11y/alt-text
  Line 107:  img elements must have an alt prop, either with meaningful text, or an empty string for decorative images  jsx-a11y/alt-text
  Line 108:  img elements must have an alt prop, either with meaningful text, or an empty string for decorative images  jsx-a11y/alt-text
  Line 143:  Expected '===' and instead saw '=='                                                                        eqeqeq
  Line 152:  Expected '===' and instead saw '=='                                                                        eqeqeq

./src/view/testNet/pieceHash1.js
  Line 44:  img elements must have an alt prop, either with meaningful text, or an empty string for decorative images  jsx-a11y/alt-text
  Line 50:  img elements must have an alt prop, either with meaningful text, or an empty string for decorative images  jsx-a11y/alt-text
  Line 51:  img elements must have an alt prop, either with meaningful text, or an empty string for decorative images  jsx-a11y/alt-text
  Line 88:  Expected '===' and instead saw '=='                                                                        eqeqeq
  Line 98:  Expected '===' and instead saw '=='                                                                        eqeqeq

./src/view/testNet/blockHeight1.js
  Line 48:   Expected '===' and instead saw '=='                                                                        eqeqeq
  Line 49:   Expected '===' and instead saw '=='                                                                        eqeqeq
  Line 56:   Expected '===' and instead saw '=='                                                                        eqeqeq
  Line 93:   'total' is assigned a value but never used                                                                 no-unused-vars
  Line 105:  img elements must have an alt prop, either with meaningful text, or an empty string for decorative images  jsx-a11y/alt-text
  Line 112:  img elements must have an alt prop, either with meaningful text, or an empty string for decorative images  jsx-a11y/alt-text
  Line 113:  img elements must have an alt prop, either with meaningful text, or an empty string for decorative images  jsx-a11y/alt-text
  Line 148:  Expected '===' and instead saw '=='                                                                        eqeqeq
  Line 157:  Expected '===' and instead saw '=='                                                                        eqeqeq

./src/view/testNet/address1.js
  Line 55:  img elements must have an alt prop, either with meaningful text, or an empty string for decorative images  jsx-a11y/alt-text
  Line 89:  Expected '===' and instead saw '=='                                                                        eqeqeq
  Line 98:  Expected '===' and instead saw '=='                                                                        eqeqeq

./src/view/testNet/deal1.js
  Line 59:   img elements must have an alt prop, either with meaningful text, or an empty string for decorative images  jsx-a11y/alt-text
  Line 98:   Expected '===' and instead saw '=='                                                                        eqeqeq
  Line 101:  Expected '===' and instead saw '=='                                                                        eqeqeq
  Line 101:  Expected '===' and instead saw '=='                                                                        eqeqeq
  Line 112:  Expected '===' and instead saw '=='                                                                        eqeqeq
  Line 112:  Expected '===' and instead saw '=='                                                                        eqeqeq

./src/view/mainNet/pieceHash.js
  Line 68:   img elements must have an alt prop, either with meaningful text, or an empty string for decorative images  jsx-a11y/alt-text
  Line 74:   img elements must have an alt prop, either with meaningful text, or an empty string for decorative images  jsx-a11y/alt-text
  Line 75:   img elements must have an alt prop, either with meaningful text, or an empty string for decorative images  jsx-a11y/alt-text
  Line 112:  Expected '===' and instead saw '=='                                                                        eqeqeq
  Line 122:  Expected '===' and instead saw '=='                                                                        eqeqeq

./src/view/mainNet/mainNet.js
  Line 6:    'timeStamp2String' is defined but never used                                                               no-unused-vars
  Line 49:  img elements must have an alt prop, either with meaningful text, or an empty string for decorative images  jsx-a11y/alt-text

./src/view/mainNet/address.js
  Line 6:    'timeStamp2String' is defined but never used                                                               no-unused-vars
  Line 57:  img elements must have an alt prop, either with meaningful text, or an empty string for decorative images  jsx-a11y/alt-text

./src/view/mainNet/deal.js
  Line 6:    'timeStamp2String' is defined but never used                                                               no-unused-vars
  Line 59:  img elements must have an alt prop, either with meaningful text, or an empty string for decorative images  jsx-a11y/alt-text

Search for the keywords to learn more about each warning.
To ignore, add // eslint-disable-next-line to the line before.

Compiling...
Compiled with warnings.

./src/router/routerView.js
  Line 14:  Expected to return a value at the end of arrow function  array-callback-return

./src/component/header.js
  Line 15:  'priceList' is assigned a value but never used                                                             no-unused-vars
  Line 17:  Expected '===' and instead saw '=='                                                                        eqeqeq
  Line 20:  img elements must have an alt prop, either with meaningful text, or an empty string for decorative images  jsx-a11y/alt-text

./src/view/app.js
  Line 22:   Expected '===' and instead saw '=='                                                                        eqeqeq
  Line 25:   Expected '===' and instead saw '=='                                                                        eqeqeq
  Line 35:   Expected '===' and instead saw '=='                                                                        eqeqeq
  Line 38:   Expected '===' and instead saw '=='                                                                        eqeqeq
  Line 38:   img elements must have an alt prop, either with meaningful text, or an empty string for decorative images  jsx-a11y/alt-text
  Line 38:  img elements must have an alt prop, either with meaningful text, or an empty string for decorative images  jsx-a11y/alt-text
  Line 45:   Expected '===' and instead saw '=='                                                                        eqeqeq
  Line 45:   img elements must have an alt prop, either with meaningful text, or an empty string for decorative images  jsx-a11y/alt-text
  Line 45:  img elements must have an alt prop, either with meaningful text, or an empty string for decorative images  jsx-a11y/alt-text
  Line 48:   Expected '===' and instead saw '=='                                                                        eqeqeq
  Line 48:   img elements must have an alt prop, either with meaningful text, or an empty string for decorative images  jsx-a11y/alt-text
  Line 48:  img elements must have an alt prop, either with meaningful text, or an empty string for decorative images  jsx-a11y/alt-text
  Line 51:   Expected '===' and instead saw '=='                                                                        eqeqeq
  Line 51:   img elements must have an alt prop, either with meaningful text, or an empty string for decorative images  jsx-a11y/alt-text
  Line 51:  img elements must have an alt prop, either with meaningful text, or an empty string for decorative images  jsx-a11y/alt-text

./src/component/footer.js
  Line 25:  img elements must have an alt prop, either with meaningful text, or an empty string for decorative images  jsx-a11y/alt-text
  Line 26:  img elements must have an alt prop, either with meaningful text, or an empty string for decorative images  jsx-a11y/alt-text
  Line 27:  img elements must have an alt prop, either with meaningful text, or an empty string for decorative images  jsx-a11y/alt-text
  Line 28:  img elements must have an alt prop, either with meaningful text, or an empty string for decorative images  jsx-a11y/alt-text
  Line 34:  img elements must have an alt prop, either with meaningful text, or an empty string for decorative images  jsx-a11y/alt-text
  Line 35:  img elements must have an alt prop, either with meaningful text, or an empty string for decorative images  jsx-a11y/alt-text

./src/router/routerConfig.js
  Line 2:  'Route' is defined but never used     no-unused-vars
  Line 2:  'Redirect' is defined but never used  no-unused-vars

./src/utils/iptVal.js
  Line 2:    'url' is assigned a value but never used  no-unused-vars
  Line 12:  Expected '===' and instead saw '=='       eqeqeq

./src/view/testNet/testNet.js
  Line 38:  img elements must have an alt prop, either with meaningful text, or an empty string for decorative images  jsx-a11y/alt-text

./src/view/mainNet/blockHeight.js
  Line 43:   Expected '===' and instead saw '=='                                                                        eqeqeq
  Line 44:   Expected '===' and instead saw '=='                                                                        eqeqeq
  Line 51:   Expected '===' and instead saw '=='                                                                        eqeqeq
  Line 88:   'total' is assigned a value but never used                                                                 no-unused-vars
  Line 100:  img elements must have an alt prop, either with meaningful text, or an empty string for decorative images  jsx-a11y/alt-text
  Line 107:  img elements must have an alt prop, either with meaningful text, or an empty string for decorative images  jsx-a11y/alt-text
  Line 108:  img elements must have an alt prop, either with meaningful text, or an empty string for decorative images  jsx-a11y/alt-text
  Line 143:  Expected '===' and instead saw '=='                                                                        eqeqeq
  Line 152:  Expected '===' and instead saw '=='                                                                        eqeqeq

./src/view/testNet/pieceHash1.js
  Line 44:  img elements must have an alt prop, either with meaningful text, or an empty string for decorative images  jsx-a11y/alt-text
  Line 50:  img elements must have an alt prop, either with meaningful text, or an empty string for decorative images  jsx-a11y/alt-text
  Line 51:  img elements must have an alt prop, either with meaningful text, or an empty string for decorative images  jsx-a11y/alt-text
  Line 88:  Expected '===' and instead saw '=='                                                                        eqeqeq
  Line 98:  Expected '===' and instead saw '=='                                                                        eqeqeq

./src/view/testNet/blockHeight1.js
  Line 48:   Expected '===' and instead saw '=='                                                                        eqeqeq
  Line 49:   Expected '===' and instead saw '=='                                                                        eqeqeq
  Line 56:   Expected '===' and instead saw '=='                                                                        eqeqeq
  Line 93:   'total' is assigned a value but never used                                                                 no-unused-vars
  Line 105:  img elements must have an alt prop, either with meaningful text, or an empty string for decorative images  jsx-a11y/alt-text
  Line 112:  img elements must have an alt prop, either with meaningful text, or an empty string for decorative images  jsx-a11y/alt-text
  Line 113:  img elements must have an alt prop, either with meaningful text, or an empty string for decorative images  jsx-a11y/alt-text
  Line 148:  Expected '===' and instead saw '=='                                                                        eqeqeq
  Line 157:  Expected '===' and instead saw '=='                                                                        eqeqeq

./src/view/testNet/address1.js
  Line 55:  img elements must have an alt prop, either with meaningful text, or an empty string for decorative images  jsx-a11y/alt-text
  Line 89:  Expected '===' and instead saw '=='                                                                        eqeqeq
  Line 98:  Expected '===' and instead saw '=='                                                                        eqeqeq

./src/view/testNet/deal1.js
  Line 59:   img elements must have an alt prop, either with meaningful text, or an empty string for decorative images  jsx-a11y/alt-text
  Line 98:   Expected '===' and instead saw '=='                                                                        eqeqeq
  Line 101:  Expected '===' and instead saw '=='                                                                        eqeqeq
  Line 101:  Expected '===' and instead saw '=='                                                                        eqeqeq
  Line 112:  Expected '===' and instead saw '=='                                                                        eqeqeq
  Line 112:  Expected '===' and instead saw '=='                                                                        eqeqeq

./src/view/mainNet/pieceHash.js
  Line 68:   img elements must have an alt prop, either with meaningful text, or an empty string for decorative images  jsx-a11y/alt-text
  Line 74:   img elements must have an alt prop, either with meaningful text, or an empty string for decorative images  jsx-a11y/alt-text
  Line 75:   img elements must have an alt prop, either with meaningful text, or an empty string for decorative images  jsx-a11y/alt-text
  Line 112:  Expected '===' and instead saw '=='                                                                        eqeqeq
  Line 122:  Expected '===' and instead saw '=='                                                                        eqeqeq

./src/view/mainNet/mainNet.js
  Line 6:    'timeStamp2String' is defined but never used                                                               no-unused-vars
  Line 49:  img elements must have an alt prop, either with meaningful text, or an empty string for decorative images  jsx-a11y/alt-text

./src/view/mainNet/address.js
  Line 6:    'timeStamp2String' is defined but never used                                                               no-unused-vars
  Line 57:  img elements must have an alt prop, either with meaningful text, or an empty string for decorative images  jsx-a11y/alt-text

./src/view/mainNet/deal.js
  Line 6:    'timeStamp2String' is defined but never used                                                               no-unused-vars
  Line 59:  img elements must have an alt prop, either with meaningful text, or an empty string for decorative images  jsx-a11y/alt-text

Search for the keywords to learn more about each warning.
To ignore, add // eslint-disable-next-line to the line before.

