
> bittribe@0.1.0 start /home/huangw/CODING/React_project/BlockChain_Browser_Web
> PORT=30000 react-scripts start

Starting the development server...

Compiled with warnings.

./src/view/BTC_testnet/blockHeight.js
  Line 113:  'abstractDetail' is assigned a value but never used                                                        no-unused-vars
  Line 113:  'dealsList' is assigned a value but never used                                                             no-unused-vars
  Line 113:  'total' is assigned a value but never used                                                                 no-unused-vars
  Line 125:  img elements must have an alt prop, either with meaningful text, or an empty string for decorative images  jsx-a11y/alt-text
  Line 132:  img elements must have an alt prop, either with meaningful text, or an empty string for decorative images  jsx-a11y/alt-text
  Line 133:  img elements must have an alt prop, either with meaningful text, or an empty string for decorative images  jsx-a11y/alt-text
  Line 168:  Expected '===' and instead saw '=='                                                                        eqeqeq
  Line 177:  Expected '===' and instead saw '=='                                                                        eqeqeq

./src/view/BTC_mainNet/blockHeight.js
  Line 118:  'abstractDetail' is assigned a value but never used                                                        no-unused-vars
  Line 118:  'dealsList' is assigned a value but never used                                                             no-unused-vars
  Line 118:  'total' is assigned a value but never used                                                                 no-unused-vars
  Line 131:  img elements must have an alt prop, either with meaningful text, or an empty string for decorative images  jsx-a11y/alt-text
  Line 138:  img elements must have an alt prop, either with meaningful text, or an empty string for decorative images  jsx-a11y/alt-text
  Line 139:  img elements must have an alt prop, either with meaningful text, or an empty string for decorative images  jsx-a11y/alt-text
  Line 174:  Expected '===' and instead saw '=='                                                                        eqeqeq
  Line 183:  Expected '===' and instead saw '=='                                                                        eqeqeq

./src/router/routerView.js
  Line 14:  Expected to return a value at the end of arrow function  array-callback-return

./src/view/app.js
  Line 19:  Expected '===' and instead saw '=='  eqeqeq
  Line 22:  Expected '===' and instead saw '=='  eqeqeq
  Line 30:  Expected '===' and instead saw '=='  eqeqeq

./src/component/BTCTestHeader.js
  Line 23:  'priceList' is assigned a value but never used                                                             no-unused-vars
  Line 25:  Expected '===' and instead saw '=='                                                                        eqeqeq
  Line 28:  img elements must have an alt prop, either with meaningful text, or an empty string for decorative images  jsx-a11y/alt-text

./src/component/violasHeader.js
  Line 23:  'priceList' is assigned a value but never used                                                             no-unused-vars
  Line 25:  Expected '===' and instead saw '=='                                                                        eqeqeq
  Line 28:  img elements must have an alt prop, either with meaningful text, or an empty string for decorative images  jsx-a11y/alt-text
  Line 61:  Expected '===' and instead saw '=='                                                                        eqeqeq
  Line 62:  img elements must have an alt prop, either with meaningful text, or an empty string for decorative images  jsx-a11y/alt-text

./src/component/BTCMainHeader.js
  Line 23:  'priceList' is assigned a value but never used                                                             no-unused-vars
  Line 25:  Expected '===' and instead saw '=='                                                                        eqeqeq
  Line 28:  img elements must have an alt prop, either with meaningful text, or an empty string for decorative images  jsx-a11y/alt-text
  Line 62:  Expected '===' and instead saw '=='                                                                        eqeqeq
  Line 63:  img elements must have an alt prop, either with meaningful text, or an empty string for decorative images  jsx-a11y/alt-text

./src/component/libraHeader.js
  Line 23:  Expected '===' and instead saw '=='                                                                        eqeqeq
  Line 26:  img elements must have an alt prop, either with meaningful text, or an empty string for decorative images  jsx-a11y/alt-text
  Line 59:  Expected '===' and instead saw '=='                                                                        eqeqeq
  Line 60:  img elements must have an alt prop, either with meaningful text, or an empty string for decorative images  jsx-a11y/alt-text

./src/router/routerConfig.js
  Line 2:  'Route' is defined but never used     no-unused-vars
  Line 2:  'Redirect' is defined but never used  no-unused-vars

./src/utils/iptVal.js
  Line 2:    'url' is assigned a value but never used  no-unused-vars
  Line 11:  Expected '===' and instead saw '=='       eqeqeq

./src/view/Libra_testnet/Libra_testnet.js
  Line 32:   Expected a default case                                                                                    default-case
  Line 41:  Expected '===' and instead saw '=='                                                                        eqeqeq
  Line 68:  img elements must have an alt prop, either with meaningful text, or an empty string for decorative images  jsx-a11y/alt-text

./src/view/Violas/deal.js
  Line 42:  Expected '===' and instead saw '=='                                                                        eqeqeq
  Line 67:  img elements must have an alt prop, either with meaningful text, or an empty string for decorative images  jsx-a11y/alt-text

./src/view/BTC_mainNet/deal.js
  Line 43:   'dealList' is assigned a value but never used                                                              no-unused-vars
  Line 56:   img elements must have an alt prop, either with meaningful text, or an empty string for decorative images  jsx-a11y/alt-text
  Line 104:  Expected '===' and instead saw '=='                                                                        eqeqeq
  Line 107:  Expected '===' and instead saw '=='                                                                        eqeqeq
  Line 107:  Expected '===' and instead saw '=='                                                                        eqeqeq
  Line 119:  Expected '===' and instead saw '=='                                                                        eqeqeq
  Line 119:  Expected '===' and instead saw '=='                                                                        eqeqeq

./src/view/Libra_testnet/deal.js
  Line 43:  Expected '===' and instead saw '=='                                                                        eqeqeq
  Line 69:  img elements must have an alt prop, either with meaningful text, or an empty string for decorative images  jsx-a11y/alt-text

./src/view/BTC_testnet/deal.js
  Line 47:   'dealList' is assigned a value but never used                                                              no-unused-vars
  Line 60:   img elements must have an alt prop, either with meaningful text, or an empty string for decorative images  jsx-a11y/alt-text
  Line 110:  Expected '===' and instead saw '=='                                                                        eqeqeq
  Line 113:  Expected '===' and instead saw '=='                                                                        eqeqeq
  Line 113:  Expected '===' and instead saw '=='                                                                        eqeqeq
  Line 124:  Expected '===' and instead saw '=='                                                                        eqeqeq
  Line 124:  Expected '===' and instead saw '=='                                                                        eqeqeq

./src/view/BTC_testnet/testNet.js
  Line 49:  img elements must have an alt prop, either with meaningful text, or an empty string for decorative images  jsx-a11y/alt-text

./src/view/BTC_mainNet/mainNet.js
  Line 51:  img elements must have an alt prop, either with meaningful text, or an empty string for decorative images  jsx-a11y/alt-text

./src/view/Violas/address.js
  Line 58:  img elements must have an alt prop, either with meaningful text, or an empty string for decorative images  jsx-a11y/alt-text

./src/view/Libra_testnet/address.js
  Line 59:  img elements must have an alt prop, either with meaningful text, or an empty string for decorative images  jsx-a11y/alt-text

./src/view/BTC_mainNet/address.js
  Line 6:   'timeStamp2String' is defined but never used                                                               no-unused-vars
  Line 46:  'addressObj' is assigned a value but never used                                                            no-unused-vars
  Line 46:  'txs' is assigned a value but never used                                                                   no-unused-vars
  Line 58:  img elements must have an alt prop, either with meaningful text, or an empty string for decorative images  jsx-a11y/alt-text

./src/view/BTC_testnet/address.js
  Line 6:   'timeStamp2String' is defined but never used                                                               no-unused-vars
  Line 46:  'addressObj' is assigned a value but never used                                                            no-unused-vars
  Line 46:  'txs' is assigned a value but never used                                                                   no-unused-vars
  Line 58:  img elements must have an alt prop, either with meaningful text, or an empty string for decorative images  jsx-a11y/alt-text

./src/view/Violas/Violas.js
  Line 6:   'timeStamp2String' is defined but never used                                                               no-unused-vars
  Line 52:  img elements must have an alt prop, either with meaningful text, or an empty string for decorative images  jsx-a11y/alt-text

./src/utils/search_BTC.js
  Line 7:   Expected '===' and instead saw '=='  eqeqeq
  Line 12:  Expected '===' and instead saw '=='  eqeqeq
  Line 14:  Expected '===' and instead saw '=='  eqeqeq
  Line 15:  Expected '===' and instead saw '=='  eqeqeq
  Line 21:  Expected '===' and instead saw '=='  eqeqeq
  Line 28:  Expected '===' and instead saw '=='  eqeqeq

./src/utils/search_libra.js
  Line 8:  Expected '===' and instead saw '=='  eqeqeq

Search for the keywords to learn more about each warning.
To ignore, add // eslint-disable-next-line to the line before.

