Bitcoin Browser API listening on port 30001!
(node:5409) UnhandledPromiseRejectionWarning: Error: getaddrinfo ENOTFOUND chain.api.btc.com
    at GetAddrInfoReqWrap.onlookup [as oncomplete] (dns.js:60:26)
(node:5409) UnhandledPromiseRejectionWarning: Unhandled promise rejection. This error originated either by throwing inside of an async function without a catch block, or by rejecting a promise which was not handled with .catch(). (rejection id: 2)
(node:5409) [DEP0018] DeprecationWarning: Unhandled promise rejections are deprecated. In the future, promise rejections that are not handled will terminate the Node.js process with a non-zero exit code.
error RpcError: No such mempool or blockchain transaction. Use gettransaction for wallet transactions.
    at getRpcResult (/home/huangw/CODING/React_project/BlockChain_Browser_Web/node_modules/bitcoin-core/dist/src/parser.js:39:11)
    at Parser.rpc (/home/huangw/CODING/React_project/BlockChain_Browser_Web/node_modules/bitcoin-core/dist/src/parser.js:82:14)
    at Client.command (/home/huangw/CODING/React_project/BlockChain_Browser_Web/node_modules/bitcoin-core/dist/src/index.js:169:24)
    at processTicksAndRejections (internal/process/task_queues.js:93:5)
    at async Object.tx_info (/home/huangw/CODING/React_project/BlockChain_Browser_Web/bitcoin-browser-api/src/bitcoin-core-function.js:166:14)
    at async Object.search_transaction (/home/huangw/CODING/React_project/BlockChain_Browser_Web/bitcoin-browser-api/src/search_transaction.js:45:16)
    at async /home/huangw/CODING/React_project/BlockChain_Browser_Web/bitcoin-browser-api/src/bitcoin-browser.js:65:16 {
  message: 'No such mempool or blockchain transaction. Use gettransaction for wallet transactions.',
  code: -5,
  name: 'RpcError'
}
(node:5409) UnhandledPromiseRejectionWarning: TypeError: Cannot read property 'vin' of undefined
    at Object.tx_info (/home/huangw/CODING/React_project/BlockChain_Browser_Web/bitcoin-browser-api/src/bitcoin-core-function.js:169:18)
    at processTicksAndRejections (internal/process/task_queues.js:93:5)
    at async Object.search_transaction (/home/huangw/CODING/React_project/BlockChain_Browser_Web/bitcoin-browser-api/src/search_transaction.js:45:16)
    at async /home/huangw/CODING/React_project/BlockChain_Browser_Web/bitcoin-browser-api/src/bitcoin-browser.js:65:16
(node:5409) UnhandledPromiseRejectionWarning: Unhandled promise rejection. This error originated either by throwing inside of an async function without a catch block, or by rejecting a promise which was not handled with .catch(). (rejection id: 3)
error RpcError: No such mempool or blockchain transaction. Use gettransaction for wallet transactions.
    at getRpcResult (/home/huangw/CODING/React_project/BlockChain_Browser_Web/node_modules/bitcoin-core/dist/src/parser.js:39:11)
    at Parser.rpc (/home/huangw/CODING/React_project/BlockChain_Browser_Web/node_modules/bitcoin-core/dist/src/parser.js:82:14)
    at Client.command (/home/huangw/CODING/React_project/BlockChain_Browser_Web/node_modules/bitcoin-core/dist/src/index.js:169:24)
    at processTicksAndRejections (internal/process/task_queues.js:93:5)
    at async Object.tx_info (/home/huangw/CODING/React_project/BlockChain_Browser_Web/bitcoin-browser-api/src/bitcoin-core-function.js:166:14)
    at async Object.search_transaction (/home/huangw/CODING/React_project/BlockChain_Browser_Web/bitcoin-browser-api/src/search_transaction.js:45:16)
    at async /home/huangw/CODING/React_project/BlockChain_Browser_Web/bitcoin-browser-api/src/bitcoin-browser.js:65:16 {
  message: 'No such mempool or blockchain transaction. Use gettransaction for wallet transactions.',
  code: -5,
  name: 'RpcError'
}
(node:5409) UnhandledPromiseRejectionWarning: TypeError: Cannot read property 'vin' of undefined
    at Object.tx_info (/home/huangw/CODING/React_project/BlockChain_Browser_Web/bitcoin-browser-api/src/bitcoin-core-function.js:169:18)
    at processTicksAndRejections (internal/process/task_queues.js:93:5)
    at async Object.search_transaction (/home/huangw/CODING/React_project/BlockChain_Browser_Web/bitcoin-browser-api/src/search_transaction.js:45:16)
    at async /home/huangw/CODING/React_project/BlockChain_Browser_Web/bitcoin-browser-api/src/bitcoin-browser.js:65:16
(node:5409) UnhandledPromiseRejectionWarning: Unhandled promise rejection. This error originated either by throwing inside of an async function without a catch block, or by rejecting a promise which was not handled with .catch(). (rejection id: 4)
error RpcError: No such mempool or blockchain transaction. Use gettransaction for wallet transactions.
    at getRpcResult (/home/huangw/CODING/React_project/BlockChain_Browser_Web/node_modules/bitcoin-core/dist/src/parser.js:39:11)
    at Parser.rpc (/home/huangw/CODING/React_project/BlockChain_Browser_Web/node_modules/bitcoin-core/dist/src/parser.js:82:14)
    at Client.command (/home/huangw/CODING/React_project/BlockChain_Browser_Web/node_modules/bitcoin-core/dist/src/index.js:169:24)
    at processTicksAndRejections (internal/process/task_queues.js:93:5)
    at async Object.tx_info (/home/huangw/CODING/React_project/BlockChain_Browser_Web/bitcoin-browser-api/src/bitcoin-core-function.js:166:14)
    at async Object.search_transaction (/home/huangw/CODING/React_project/BlockChain_Browser_Web/bitcoin-browser-api/src/search_transaction.js:45:16)
    at async /home/huangw/CODING/React_project/BlockChain_Browser_Web/bitcoin-browser-api/src/bitcoin-browser.js:65:16 {
  message: 'No such mempool or blockchain transaction. Use gettransaction for wallet transactions.',
  code: -5,
  name: 'RpcError'
}
(node:5409) UnhandledPromiseRejectionWarning: TypeError: Cannot read property 'vin' of undefined
    at Object.tx_info (/home/huangw/CODING/React_project/BlockChain_Browser_Web/bitcoin-browser-api/src/bitcoin-core-function.js:169:18)
    at processTicksAndRejections (internal/process/task_queues.js:93:5)
    at async Object.search_transaction (/home/huangw/CODING/React_project/BlockChain_Browser_Web/bitcoin-browser-api/src/search_transaction.js:45:16)
    at async /home/huangw/CODING/React_project/BlockChain_Browser_Web/bitcoin-browser-api/src/bitcoin-browser.js:65:16
(node:5409) UnhandledPromiseRejectionWarning: Unhandled promise rejection. This error originated either by throwing inside of an async function without a catch block, or by rejecting a promise which was not handled with .catch(). (rejection id: 5)
error RpcError: No such mempool or blockchain transaction. Use gettransaction for wallet transactions.
    at getRpcResult (/home/huangw/CODING/React_project/BlockChain_Browser_Web/node_modules/bitcoin-core/dist/src/parser.js:39:11)
    at Parser.rpc (/home/huangw/CODING/React_project/BlockChain_Browser_Web/node_modules/bitcoin-core/dist/src/parser.js:82:14)
    at Client.command (/home/huangw/CODING/React_project/BlockChain_Browser_Web/node_modules/bitcoin-core/dist/src/index.js:169:24)
    at processTicksAndRejections (internal/process/task_queues.js:93:5)
    at async Object.tx_info (/home/huangw/CODING/React_project/BlockChain_Browser_Web/bitcoin-browser-api/src/bitcoin-core-function.js:166:14)
    at async Object.search_transaction (/home/huangw/CODING/React_project/BlockChain_Browser_Web/bitcoin-browser-api/src/search_transaction.js:45:16)
    at async /home/huangw/CODING/React_project/BlockChain_Browser_Web/bitcoin-browser-api/src/bitcoin-browser.js:65:16 {
  message: 'No such mempool or blockchain transaction. Use gettransaction for wallet transactions.',
  code: -5,
  name: 'RpcError'
}
(node:5409) UnhandledPromiseRejectionWarning: TypeError: Cannot read property 'vin' of undefined
    at Object.tx_info (/home/huangw/CODING/React_project/BlockChain_Browser_Web/bitcoin-browser-api/src/bitcoin-core-function.js:169:18)
    at processTicksAndRejections (internal/process/task_queues.js:93:5)
    at async Object.search_transaction (/home/huangw/CODING/React_project/BlockChain_Browser_Web/bitcoin-browser-api/src/search_transaction.js:45:16)
    at async /home/huangw/CODING/React_project/BlockChain_Browser_Web/bitcoin-browser-api/src/bitcoin-browser.js:65:16
(node:5409) UnhandledPromiseRejectionWarning: Unhandled promise rejection. This error originated either by throwing inside of an async function without a catch block, or by rejecting a promise which was not handled with .catch(). (rejection id: 6)
error RpcError: No such mempool or blockchain transaction. Use gettransaction for wallet transactions.
    at getRpcResult (/home/huangw/CODING/React_project/BlockChain_Browser_Web/node_modules/bitcoin-core/dist/src/parser.js:39:11)
    at Parser.rpc (/home/huangw/CODING/React_project/BlockChain_Browser_Web/node_modules/bitcoin-core/dist/src/parser.js:82:14)
    at Client.command (/home/huangw/CODING/React_project/BlockChain_Browser_Web/node_modules/bitcoin-core/dist/src/index.js:169:24)
    at processTicksAndRejections (internal/process/task_queues.js:93:5)
    at async Object.tx_info (/home/huangw/CODING/React_project/BlockChain_Browser_Web/bitcoin-browser-api/src/bitcoin-core-function.js:166:14)
    at async Object.search_transaction (/home/huangw/CODING/React_project/BlockChain_Browser_Web/bitcoin-browser-api/src/search_transaction.js:45:16)
    at async /home/huangw/CODING/React_project/BlockChain_Browser_Web/bitcoin-browser-api/src/bitcoin-browser.js:65:16 {
  message: 'No such mempool or blockchain transaction. Use gettransaction for wallet transactions.',
  code: -5,
  name: 'RpcError'
}
(node:5409) UnhandledPromiseRejectionWarning: TypeError: Cannot read property 'vin' of undefined
    at Object.tx_info (/home/huangw/CODING/React_project/BlockChain_Browser_Web/bitcoin-browser-api/src/bitcoin-core-function.js:169:18)
    at processTicksAndRejections (internal/process/task_queues.js:93:5)
    at async Object.search_transaction (/home/huangw/CODING/React_project/BlockChain_Browser_Web/bitcoin-browser-api/src/search_transaction.js:45:16)
    at async /home/huangw/CODING/React_project/BlockChain_Browser_Web/bitcoin-browser-api/src/bitcoin-browser.js:65:16
(node:5409) UnhandledPromiseRejectionWarning: Unhandled promise rejection. This error originated either by throwing inside of an async function without a catch block, or by rejecting a promise which was not handled with .catch(). (rejection id: 7)
error RpcError: No such mempool or blockchain transaction. Use gettransaction for wallet transactions.
    at getRpcResult (/home/huangw/CODING/React_project/BlockChain_Browser_Web/node_modules/bitcoin-core/dist/src/parser.js:39:11)
    at Parser.rpc (/home/huangw/CODING/React_project/BlockChain_Browser_Web/node_modules/bitcoin-core/dist/src/parser.js:82:14)
    at Client.command (/home/huangw/CODING/React_project/BlockChain_Browser_Web/node_modules/bitcoin-core/dist/src/index.js:169:24)
    at processTicksAndRejections (internal/process/task_queues.js:93:5)
    at async Object.tx_info (/home/huangw/CODING/React_project/BlockChain_Browser_Web/bitcoin-browser-api/src/bitcoin-core-function.js:166:14)
    at async Object.search_transaction (/home/huangw/CODING/React_project/BlockChain_Browser_Web/bitcoin-browser-api/src/search_transaction.js:45:16)
    at async /home/huangw/CODING/React_project/BlockChain_Browser_Web/bitcoin-browser-api/src/bitcoin-browser.js:65:16 {
  message: 'No such mempool or blockchain transaction. Use gettransaction for wallet transactions.',
  code: -5,
  name: 'RpcError'
}
(node:5409) UnhandledPromiseRejectionWarning: TypeError: Cannot read property 'vin' of undefined
    at Object.tx_info (/home/huangw/CODING/React_project/BlockChain_Browser_Web/bitcoin-browser-api/src/bitcoin-core-function.js:169:18)
    at processTicksAndRejections (internal/process/task_queues.js:93:5)
    at async Object.search_transaction (/home/huangw/CODING/React_project/BlockChain_Browser_Web/bitcoin-browser-api/src/search_transaction.js:45:16)
    at async /home/huangw/CODING/React_project/BlockChain_Browser_Web/bitcoin-browser-api/src/bitcoin-browser.js:65:16
(node:5409) UnhandledPromiseRejectionWarning: Unhandled promise rejection. This error originated either by throwing inside of an async function without a catch block, or by rejecting a promise which was not handled with .catch(). (rejection id: 8)
(node:5409) UnhandledPromiseRejectionWarning: Error: getaddrinfo ENOTFOUND chain.api.btc.com
    at GetAddrInfoReqWrap.onlookup [as oncomplete] (dns.js:60:26)
(node:5409) UnhandledPromiseRejectionWarning: Unhandled promise rejection. This error originated either by throwing inside of an async function without a catch block, or by rejecting a promise which was not handled with .catch(). (rejection id: 10)
